2020-05-01 11:27:50.363  INFO 9188 --- [restartedMain] com.karthi.citiipay.AppApplication       : Starting AppApplication on CSLH2018 with PID 9188 (C:\Users\srik2404\Downloads\app\app\target\classes started by srik2404 in C:\Users\srik2404\Downloads\app\app)
2020-05-01 11:27:50.371  INFO 9188 --- [restartedMain] com.karthi.citiipay.AppApplication       : The following profiles are active: prod
2020-05-01 11:27:52.372  INFO 9188 --- [restartedMain] o.apache.catalina.core.StandardService   : Starting service [Tomcat]
2020-05-01 11:27:52.373  INFO 9188 --- [restartedMain] org.apache.catalina.core.StandardEngine  : Starting Servlet engine: [Apache Tomcat/9.0.30]
2020-05-01 11:27:52.679  INFO 9188 --- [restartedMain] org.apache.jasper.servlet.TldScanner     : At least one JAR was scanned for TLDs yet contained no TLDs. Enable debug logging for this logger for a complete list of JARs that were scanned but no TLDs were found in them. Skipping unneeded JARs during scanning can improve startup time and JSP compilation time.
2020-05-01 11:27:52.686  INFO 9188 --- [restartedMain] o.a.c.c.C.[Tomcat].[localhost].[/]       : Initializing Spring embedded WebApplicationContext
2020-05-01 11:27:52.686  INFO 9188 --- [restartedMain] o.s.web.context.ContextLoader            : Root WebApplicationContext: initialization completed in 2248 ms
2020-05-01 11:27:53.136  INFO 9188 --- [restartedMain] o.apache.catalina.core.StandardService   : Stopping service [Tomcat]
2020-05-01 11:27:53.257 ERROR 9188 --- [restartedMain] o.s.b.d.LoggingFailureAnalysisReporter   : 

***************************
APPLICATION FAILED TO START
***************************

Description:

Field coordinateImpl in com.karthi.citiipay.controller.ProductController required a bean of type 'com.karthi.citiipay.dao.impl.CoordinateDetails' that could not be found.

The injection point has the following annotations:
	- @org.springframework.beans.factory.annotation.Autowired(required=true)


Action:

Consider defining a bean of type 'com.karthi.citiipay.dao.impl.CoordinateDetails' in your configuration.

2020-05-01 11:34:00.816  INFO 13584 --- [restartedMain] com.karthi.citiipay.AppApplication       : Starting AppApplication on CSLH2018 with PID 13584 (C:\Users\srik2404\Downloads\app\app\target\classes started by srik2404 in C:\Users\srik2404\Downloads\app\app)
2020-05-01 11:34:00.819  INFO 13584 --- [restartedMain] com.karthi.citiipay.AppApplication       : The following profiles are active: prod
2020-05-01 11:34:02.687  INFO 13584 --- [restartedMain] o.apache.catalina.core.StandardService   : Starting service [Tomcat]
2020-05-01 11:34:02.688  INFO 13584 --- [restartedMain] org.apache.catalina.core.StandardEngine  : Starting Servlet engine: [Apache Tomcat/9.0.30]
2020-05-01 11:34:03.010  INFO 13584 --- [restartedMain] org.apache.jasper.servlet.TldScanner     : At least one JAR was scanned for TLDs yet contained no TLDs. Enable debug logging for this logger for a complete list of JARs that were scanned but no TLDs were found in them. Skipping unneeded JARs during scanning can improve startup time and JSP compilation time.
2020-05-01 11:34:03.014  INFO 13584 --- [restartedMain] o.a.c.c.C.[Tomcat].[localhost].[/]       : Initializing Spring embedded WebApplicationContext
2020-05-01 11:34:03.015  INFO 13584 --- [restartedMain] o.s.web.context.ContextLoader            : Root WebApplicationContext: initialization completed in 2143 ms
2020-05-01 11:34:03.739  INFO 13584 --- [restartedMain] pertySourcedRequestMappingHandlerMapping : Mapped URL path [/v2/api-docs] onto method [springfox.documentation.swagger2.web.Swagger2Controller#getDocumentation(String, HttpServletRequest)]
2020-05-01 11:34:04.115  INFO 13584 --- [restartedMain] d.s.w.p.DocumentationPluginsBootstrapper : Context refreshed
2020-05-01 11:34:04.144  INFO 13584 --- [restartedMain] d.s.w.p.DocumentationPluginsBootstrapper : Found 1 custom documentation plugin(s)
2020-05-01 11:34:04.181  INFO 13584 --- [restartedMain] s.d.s.w.s.ApiListingReferenceScanner     : Scanning for api listing references
2020-05-01 11:34:04.380  INFO 13584 --- [restartedMain] com.karthi.citiipay.AppApplication       : Started AppApplication in 3.929 seconds (JVM running for 4.558)
2020-05-01 11:52:36.840  INFO 13584 --- [restartedMain] com.karthi.citiipay.AppApplication       : Starting AppApplication on CSLH2018 with PID 13584 (C:\Users\srik2404\Downloads\app\app\target\classes started by srik2404 in C:\Users\srik2404\Downloads\app\app)
2020-05-01 11:52:36.840  INFO 13584 --- [restartedMain] com.karthi.citiipay.AppApplication       : The following profiles are active: prod
2020-05-01 11:52:37.520  INFO 13584 --- [restartedMain] o.apache.catalina.core.StandardService   : Starting service [Tomcat]
2020-05-01 11:52:37.521  INFO 13584 --- [restartedMain] org.apache.catalina.core.StandardEngine  : Starting Servlet engine: [Apache Tomcat/9.0.30]
2020-05-01 11:52:37.685  INFO 13584 --- [restartedMain] org.apache.jasper.servlet.TldScanner     : At least one JAR was scanned for TLDs yet contained no TLDs. Enable debug logging for this logger for a complete list of JARs that were scanned but no TLDs were found in them. Skipping unneeded JARs during scanning can improve startup time and JSP compilation time.
2020-05-01 11:52:37.686  INFO 13584 --- [restartedMain] o.a.c.c.C.[Tomcat].[localhost].[/]       : Initializing Spring embedded WebApplicationContext
2020-05-01 11:52:37.686  INFO 13584 --- [restartedMain] o.s.web.context.ContextLoader            : Root WebApplicationContext: initialization completed in 843 ms
2020-05-01 11:52:37.926  INFO 13584 --- [restartedMain] pertySourcedRequestMappingHandlerMapping : Mapped URL path [/v2/api-docs] onto method [springfox.documentation.swagger2.web.Swagger2Controller#getDocumentation(String, HttpServletRequest)]
2020-05-01 11:52:38.041  INFO 13584 --- [restartedMain] d.s.w.p.DocumentationPluginsBootstrapper : Context refreshed
2020-05-01 11:52:38.042  INFO 13584 --- [restartedMain] d.s.w.p.DocumentationPluginsBootstrapper : Found 1 custom documentation plugin(s)
2020-05-01 11:52:38.047  INFO 13584 --- [restartedMain] s.d.s.w.s.ApiListingReferenceScanner     : Scanning for api listing references
2020-05-01 11:52:38.083  INFO 13584 --- [restartedMain] com.karthi.citiipay.AppApplication       : Started AppApplication in 1.275 seconds (JVM running for 1118.261)
2020-05-01 11:52:56.155  INFO 13584 --- [restartedMain] com.karthi.citiipay.AppApplication       : Starting AppApplication on CSLH2018 with PID 13584 (C:\Users\srik2404\Downloads\app\app\target\classes started by srik2404 in C:\Users\srik2404\Downloads\app\app)
2020-05-01 11:52:56.155  INFO 13584 --- [restartedMain] com.karthi.citiipay.AppApplication       : The following profiles are active: prod
2020-05-01 11:52:56.954  INFO 13584 --- [restartedMain] o.apache.catalina.core.StandardService   : Starting service [Tomcat]
2020-05-01 11:52:56.954  INFO 13584 --- [restartedMain] org.apache.catalina.core.StandardEngine  : Starting Servlet engine: [Apache Tomcat/9.0.30]
2020-05-01 11:52:57.128  INFO 13584 --- [restartedMain] org.apache.jasper.servlet.TldScanner     : At least one JAR was scanned for TLDs yet contained no TLDs. Enable debug logging for this logger for a complete list of JARs that were scanned but no TLDs were found in them. Skipping unneeded JARs during scanning can improve startup time and JSP compilation time.
2020-05-01 11:52:57.129  INFO 13584 --- [restartedMain] o.a.c.c.C.[Tomcat].[localhost].[/]       : Initializing Spring embedded WebApplicationContext
2020-05-01 11:52:57.129  INFO 13584 --- [restartedMain] o.s.web.context.ContextLoader            : Root WebApplicationContext: initialization completed in 970 ms
2020-05-01 11:52:57.371  INFO 13584 --- [restartedMain] pertySourcedRequestMappingHandlerMapping : Mapped URL path [/v2/api-docs] onto method [springfox.documentation.swagger2.web.Swagger2Controller#getDocumentation(String, HttpServletRequest)]
2020-05-01 11:52:57.494  INFO 13584 --- [restartedMain] d.s.w.p.DocumentationPluginsBootstrapper : Context refreshed
2020-05-01 11:52:57.494  INFO 13584 --- [restartedMain] d.s.w.p.DocumentationPluginsBootstrapper : Found 1 custom documentation plugin(s)
2020-05-01 11:52:57.500  INFO 13584 --- [restartedMain] s.d.s.w.s.ApiListingReferenceScanner     : Scanning for api listing references
2020-05-01 11:52:57.530  INFO 13584 --- [restartedMain] com.karthi.citiipay.AppApplication       : Started AppApplication in 1.401 seconds (JVM running for 1137.708)
2020-05-01 11:54:00.777  INFO 13584 --- [restartedMain] com.karthi.citiipay.AppApplication       : Starting AppApplication on CSLH2018 with PID 13584 (C:\Users\srik2404\Downloads\app\app\target\classes started by srik2404 in C:\Users\srik2404\Downloads\app\app)
2020-05-01 11:54:00.778  INFO 13584 --- [restartedMain] com.karthi.citiipay.AppApplication       : The following profiles are active: prod
2020-05-01 11:54:01.443  INFO 13584 --- [restartedMain] o.apache.catalina.core.StandardService   : Starting service [Tomcat]
2020-05-01 11:54:01.444  INFO 13584 --- [restartedMain] org.apache.catalina.core.StandardEngine  : Starting Servlet engine: [Apache Tomcat/9.0.30]
2020-05-01 11:54:01.627  INFO 13584 --- [restartedMain] org.apache.jasper.servlet.TldScanner     : At least one JAR was scanned for TLDs yet contained no TLDs. Enable debug logging for this logger for a complete list of JARs that were scanned but no TLDs were found in them. Skipping unneeded JARs during scanning can improve startup time and JSP compilation time.
2020-05-01 11:54:01.628  INFO 13584 --- [restartedMain] o.a.c.c.C.[Tomcat].[localhost].[/]       : Initializing Spring embedded WebApplicationContext
2020-05-01 11:54:01.628  INFO 13584 --- [restartedMain] o.s.web.context.ContextLoader            : Root WebApplicationContext: initialization completed in 847 ms
2020-05-01 11:54:01.798  INFO 13584 --- [restartedMain] pertySourcedRequestMappingHandlerMapping : Mapped URL path [/v2/api-docs] onto method [springfox.documentation.swagger2.web.Swagger2Controller#getDocumentation(String, HttpServletRequest)]
2020-05-01 11:54:01.940  INFO 13584 --- [restartedMain] d.s.w.p.DocumentationPluginsBootstrapper : Context refreshed
2020-05-01 11:54:01.941  INFO 13584 --- [restartedMain] d.s.w.p.DocumentationPluginsBootstrapper : Found 1 custom documentation plugin(s)
2020-05-01 11:54:01.946  INFO 13584 --- [restartedMain] s.d.s.w.s.ApiListingReferenceScanner     : Scanning for api listing references
2020-05-01 11:54:01.980  INFO 13584 --- [restartedMain] com.karthi.citiipay.AppApplication       : Started AppApplication in 1.23 seconds (JVM running for 1202.159)
2020-05-01 11:56:16.346  INFO 13584 --- [restartedMain] com.karthi.citiipay.AppApplication       : Starting AppApplication on CSLH2018 with PID 13584 (C:\Users\srik2404\Downloads\app\app\target\classes started by srik2404 in C:\Users\srik2404\Downloads\app\app)
2020-05-01 11:56:16.347  INFO 13584 --- [restartedMain] com.karthi.citiipay.AppApplication       : The following profiles are active: prod
2020-05-01 11:56:16.917  INFO 13584 --- [restartedMain] o.apache.catalina.core.StandardService   : Starting service [Tomcat]
2020-05-01 11:56:16.918  INFO 13584 --- [restartedMain] org.apache.catalina.core.StandardEngine  : Starting Servlet engine: [Apache Tomcat/9.0.30]
2020-05-01 11:56:17.068  INFO 13584 --- [restartedMain] org.apache.jasper.servlet.TldScanner     : At least one JAR was scanned for TLDs yet contained no TLDs. Enable debug logging for this logger for a complete list of JARs that were scanned but no TLDs were found in them. Skipping unneeded JARs during scanning can improve startup time and JSP compilation time.
2020-05-01 11:56:17.069  INFO 13584 --- [restartedMain] o.a.c.c.C.[Tomcat].[localhost].[/]       : Initializing Spring embedded WebApplicationContext
2020-05-01 11:56:17.070  INFO 13584 --- [restartedMain] o.s.web.context.ContextLoader            : Root WebApplicationContext: initialization completed in 721 ms
2020-05-01 11:56:17.218  INFO 13584 --- [restartedMain] pertySourcedRequestMappingHandlerMapping : Mapped URL path [/v2/api-docs] onto method [springfox.documentation.swagger2.web.Swagger2Controller#getDocumentation(String, HttpServletRequest)]
2020-05-01 11:56:17.331  INFO 13584 --- [restartedMain] d.s.w.p.DocumentationPluginsBootstrapper : Context refreshed
2020-05-01 11:56:17.332  INFO 13584 --- [restartedMain] d.s.w.p.DocumentationPluginsBootstrapper : Found 1 custom documentation plugin(s)
2020-05-01 11:56:17.336  INFO 13584 --- [restartedMain] s.d.s.w.s.ApiListingReferenceScanner     : Scanning for api listing references
2020-05-01 11:56:17.361  INFO 13584 --- [restartedMain] com.karthi.citiipay.AppApplication       : Started AppApplication in 1.044 seconds (JVM running for 1337.539)
2020-05-01 11:57:10.165  INFO 13584 --- [restartedMain] com.karthi.citiipay.AppApplication       : Starting AppApplication on CSLH2018 with PID 13584 (C:\Users\srik2404\Downloads\app\app\target\classes started by srik2404 in C:\Users\srik2404\Downloads\app\app)
2020-05-01 11:57:10.165  INFO 13584 --- [restartedMain] com.karthi.citiipay.AppApplication       : The following profiles are active: prod
2020-05-01 11:57:10.705  INFO 13584 --- [restartedMain] o.apache.catalina.core.StandardService   : Starting service [Tomcat]
2020-05-01 11:57:10.705  INFO 13584 --- [restartedMain] org.apache.catalina.core.StandardEngine  : Starting Servlet engine: [Apache Tomcat/9.0.30]
2020-05-01 11:57:10.848  INFO 13584 --- [restartedMain] org.apache.jasper.servlet.TldScanner     : At least one JAR was scanned for TLDs yet contained no TLDs. Enable debug logging for this logger for a complete list of JARs that were scanned but no TLDs were found in them. Skipping unneeded JARs during scanning can improve startup time and JSP compilation time.
2020-05-01 11:57:10.849  INFO 13584 --- [restartedMain] o.a.c.c.C.[Tomcat].[localhost].[/]       : Initializing Spring embedded WebApplicationContext
2020-05-01 11:57:10.849  INFO 13584 --- [restartedMain] o.s.web.context.ContextLoader            : Root WebApplicationContext: initialization completed in 682 ms
2020-05-01 11:57:10.999  INFO 13584 --- [restartedMain] pertySourcedRequestMappingHandlerMapping : Mapped URL path [/v2/api-docs] onto method [springfox.documentation.swagger2.web.Swagger2Controller#getDocumentation(String, HttpServletRequest)]
2020-05-01 11:57:11.105  INFO 13584 --- [restartedMain] d.s.w.p.DocumentationPluginsBootstrapper : Context refreshed
2020-05-01 11:57:11.106  INFO 13584 --- [restartedMain] d.s.w.p.DocumentationPluginsBootstrapper : Found 1 custom documentation plugin(s)
2020-05-01 11:57:11.110  INFO 13584 --- [restartedMain] s.d.s.w.s.ApiListingReferenceScanner     : Scanning for api listing references
2020-05-01 11:57:11.143  INFO 13584 --- [restartedMain] com.karthi.citiipay.AppApplication       : Started AppApplication in 1.0 seconds (JVM running for 1391.321)
2020-05-01 11:57:38.372  INFO 13584 --- [restartedMain] com.karthi.citiipay.AppApplication       : Starting AppApplication on CSLH2018 with PID 13584 (C:\Users\srik2404\Downloads\app\app\target\classes started by srik2404 in C:\Users\srik2404\Downloads\app\app)
2020-05-01 11:57:38.372  INFO 13584 --- [restartedMain] com.karthi.citiipay.AppApplication       : The following profiles are active: prod
2020-05-01 11:57:38.888  INFO 13584 --- [restartedMain] o.apache.catalina.core.StandardService   : Starting service [Tomcat]
2020-05-01 11:57:38.888  INFO 13584 --- [restartedMain] org.apache.catalina.core.StandardEngine  : Starting Servlet engine: [Apache Tomcat/9.0.30]
2020-05-01 11:57:39.039  INFO 13584 --- [restartedMain] org.apache.jasper.servlet.TldScanner     : At least one JAR was scanned for TLDs yet contained no TLDs. Enable debug logging for this logger for a complete list of JARs that were scanned but no TLDs were found in them. Skipping unneeded JARs during scanning can improve startup time and JSP compilation time.
2020-05-01 11:57:39.040  INFO 13584 --- [restartedMain] o.a.c.c.C.[Tomcat].[localhost].[/]       : Initializing Spring embedded WebApplicationContext
2020-05-01 11:57:39.040  INFO 13584 --- [restartedMain] o.s.web.context.ContextLoader            : Root WebApplicationContext: initialization completed in 666 ms
2020-05-01 11:57:39.193  INFO 13584 --- [restartedMain] pertySourcedRequestMappingHandlerMapping : Mapped URL path [/v2/api-docs] onto method [springfox.documentation.swagger2.web.Swagger2Controller#getDocumentation(String, HttpServletRequest)]
2020-05-01 11:57:39.285  INFO 13584 --- [restartedMain] d.s.w.p.DocumentationPluginsBootstrapper : Context refreshed
2020-05-01 11:57:39.285  INFO 13584 --- [restartedMain] d.s.w.p.DocumentationPluginsBootstrapper : Found 1 custom documentation plugin(s)
2020-05-01 11:57:39.289  INFO 13584 --- [restartedMain] s.d.s.w.s.ApiListingReferenceScanner     : Scanning for api listing references
2020-05-01 11:57:39.321  INFO 13584 --- [restartedMain] com.karthi.citiipay.AppApplication       : Started AppApplication in 0.97 seconds (JVM running for 1419.499)
2020-05-01 11:57:48.195  INFO 13584 --- [restartedMain] com.karthi.citiipay.AppApplication       : Starting AppApplication on CSLH2018 with PID 13584 (C:\Users\srik2404\Downloads\app\app\target\classes started by srik2404 in C:\Users\srik2404\Downloads\app\app)
2020-05-01 11:57:48.196  INFO 13584 --- [restartedMain] com.karthi.citiipay.AppApplication       : The following profiles are active: prod
2020-05-01 11:57:48.682  INFO 13584 --- [restartedMain] o.apache.catalina.core.StandardService   : Starting service [Tomcat]
2020-05-01 11:57:48.682  INFO 13584 --- [restartedMain] org.apache.catalina.core.StandardEngine  : Starting Servlet engine: [Apache Tomcat/9.0.30]
2020-05-01 11:57:48.827  INFO 13584 --- [restartedMain] org.apache.jasper.servlet.TldScanner     : At least one JAR was scanned for TLDs yet contained no TLDs. Enable debug logging for this logger for a complete list of JARs that were scanned but no TLDs were found in them. Skipping unneeded JARs during scanning can improve startup time and JSP compilation time.
2020-05-01 11:57:48.828  INFO 13584 --- [restartedMain] o.a.c.c.C.[Tomcat].[localhost].[/]       : Initializing Spring embedded WebApplicationContext
2020-05-01 11:57:48.828  INFO 13584 --- [restartedMain] o.s.web.context.ContextLoader            : Root WebApplicationContext: initialization completed in 630 ms
2020-05-01 11:57:48.941  INFO 13584 --- [restartedMain] pertySourcedRequestMappingHandlerMapping : Mapped URL path [/v2/api-docs] onto method [springfox.documentation.swagger2.web.Swagger2Controller#getDocumentation(String, HttpServletRequest)]
2020-05-01 11:57:49.015  INFO 13584 --- [restartedMain] d.s.w.p.DocumentationPluginsBootstrapper : Context refreshed
2020-05-01 11:57:49.016  INFO 13584 --- [restartedMain] d.s.w.p.DocumentationPluginsBootstrapper : Found 1 custom documentation plugin(s)
2020-05-01 11:57:49.019  INFO 13584 --- [restartedMain] s.d.s.w.s.ApiListingReferenceScanner     : Scanning for api listing references
2020-05-01 11:57:49.041  INFO 13584 --- [restartedMain] com.karthi.citiipay.AppApplication       : Started AppApplication in 0.868 seconds (JVM running for 1429.218)
2020-05-01 11:57:55.892  INFO 13584 --- [restartedMain] com.karthi.citiipay.AppApplication       : Starting AppApplication on CSLH2018 with PID 13584 (C:\Users\srik2404\Downloads\app\app\target\classes started by srik2404 in C:\Users\srik2404\Downloads\app\app)
2020-05-01 11:57:55.892  INFO 13584 --- [restartedMain] com.karthi.citiipay.AppApplication       : The following profiles are active: prod
2020-05-01 11:57:56.349  INFO 13584 --- [restartedMain] o.apache.catalina.core.StandardService   : Starting service [Tomcat]
2020-05-01 11:57:56.349  INFO 13584 --- [restartedMain] org.apache.catalina.core.StandardEngine  : Starting Servlet engine: [Apache Tomcat/9.0.30]
2020-05-01 11:57:56.489  INFO 13584 --- [restartedMain] org.apache.jasper.servlet.TldScanner     : At least one JAR was scanned for TLDs yet contained no TLDs. Enable debug logging for this logger for a complete list of JARs that were scanned but no TLDs were found in them. Skipping unneeded JARs during scanning can improve startup time and JSP compilation time.
2020-05-01 11:57:56.489  INFO 13584 --- [restartedMain] o.a.c.c.C.[Tomcat].[localhost].[/]       : Initializing Spring embedded WebApplicationContext
2020-05-01 11:57:56.490  INFO 13584 --- [restartedMain] o.s.web.context.ContextLoader            : Root WebApplicationContext: initialization completed in 597 ms
2020-05-01 11:57:56.603  INFO 13584 --- [restartedMain] pertySourcedRequestMappingHandlerMapping : Mapped URL path [/v2/api-docs] onto method [springfox.documentation.swagger2.web.Swagger2Controller#getDocumentation(String, HttpServletRequest)]
2020-05-01 11:57:56.670  INFO 13584 --- [restartedMain] d.s.w.p.DocumentationPluginsBootstrapper : Context refreshed
2020-05-01 11:57:56.671  INFO 13584 --- [restartedMain] d.s.w.p.DocumentationPluginsBootstrapper : Found 1 custom documentation plugin(s)
2020-05-01 11:57:56.674  INFO 13584 --- [restartedMain] s.d.s.w.s.ApiListingReferenceScanner     : Scanning for api listing references
2020-05-01 11:57:56.694  INFO 13584 --- [restartedMain] com.karthi.citiipay.AppApplication       : Started AppApplication in 0.826 seconds (JVM running for 1436.872)
